\BOOKMARK [1][-]{section*.1}{Simple Ordinary Least Squares Regression}{}% 1
\BOOKMARK [2][-]{section*.2}{Problem 0}{section*.1}% 2
\BOOKMARK [3][-]{section*.3}{Part A}{section*.2}% 3
\BOOKMARK [3][-]{section*.4}{Part B}{section*.2}% 4
\BOOKMARK [3][-]{section*.5}{Part C}{section*.2}% 5
\BOOKMARK [3][-]{section*.6}{Part D}{section*.2}% 6
\BOOKMARK [3][-]{section*.7}{Part E}{section*.2}% 7
\BOOKMARK [3][-]{section*.8}{Part F}{section*.2}% 8
\BOOKMARK [2][-]{section*.9}{Problem 1}{section*.1}% 9
\BOOKMARK [3][-]{section*.10}{Part A}{section*.9}% 10
\BOOKMARK [3][-]{section*.11}{Part B}{section*.9}% 11
\BOOKMARK [3][-]{section*.12}{Part C}{section*.9}% 12
\BOOKMARK [3][-]{section*.13}{Part D}{section*.9}% 13
\BOOKMARK [3][-]{section*.16}{Part E}{section*.9}% 14
\BOOKMARK [3][-]{section*.17}{Part F}{section*.9}% 15
\BOOKMARK [3][-]{section*.18}{Part G}{section*.9}% 16
\BOOKMARK [3][-]{section*.19}{Part H}{section*.9}% 17
\BOOKMARK [3][-]{section*.20}{Part I}{section*.9}% 18
\BOOKMARK [3][-]{section*.21}{Part J}{section*.9}% 19
\BOOKMARK [3][-]{section*.22}{Part K}{section*.9}% 20
\BOOKMARK [3][-]{section*.23}{Part L}{section*.9}% 21
\BOOKMARK [2][-]{section*.24}{Problem 2}{section*.1}% 22
\BOOKMARK [3][-]{section*.25}{Part A}{section*.24}% 23
\BOOKMARK [3][-]{section*.26}{Part B}{section*.24}% 24
\BOOKMARK [3][-]{section*.27}{Part C}{section*.24}% 25
\BOOKMARK [3][-]{section*.28}{Part D}{section*.24}% 26
\BOOKMARK [3][-]{section*.29}{Part E}{section*.24}% 27
\BOOKMARK [3][-]{section*.30}{Part F}{section*.24}% 28
\BOOKMARK [3][-]{section*.31}{Part G}{section*.24}% 29
\BOOKMARK [3][-]{section*.32}{Part H}{section*.24}% 30
\BOOKMARK [3][-]{section*.33}{Part I}{section*.24}% 31
\BOOKMARK [3][-]{section*.34}{Part J}{section*.24}% 32
\BOOKMARK [3][-]{section*.35}{Part K}{section*.24}% 33
\BOOKMARK [3][-]{section*.36}{Part L}{section*.24}% 34
