\BOOKMARK [1][-]{section*.1}{Weighted Least Squares Regression}{}% 1
\BOOKMARK [2][-]{section*.2}{Problem 1}{section*.1}% 2
\BOOKMARK [3][-]{section*.3}{Part A}{section*.2}% 3
\BOOKMARK [3][-]{section*.4}{Part B}{section*.2}% 4
\BOOKMARK [3][-]{section*.5}{Part C}{section*.2}% 5
\BOOKMARK [3][-]{section*.6}{Part D}{section*.2}% 6
\BOOKMARK [3][-]{section*.7}{Part E}{section*.2}% 7
\BOOKMARK [3][-]{section*.8}{Part F}{section*.2}% 8
\BOOKMARK [3][-]{section*.9}{Part G}{section*.2}% 9
\BOOKMARK [3][-]{section*.10}{Part H}{section*.2}% 10
\BOOKMARK [3][-]{section*.11}{Part I}{section*.2}% 11
\BOOKMARK [3][-]{section*.12}{Part J}{section*.2}% 12
\BOOKMARK [3][-]{section*.13}{Part K}{section*.2}% 13
\BOOKMARK [2][-]{section*.14}{Problem 2}{section*.1}% 14
\BOOKMARK [3][-]{section*.15}{Part A}{section*.14}% 15
\BOOKMARK [3][-]{section*.16}{Part B}{section*.14}% 16
\BOOKMARK [3][-]{section*.17}{Part C}{section*.14}% 17
\BOOKMARK [3][-]{section*.18}{Part D}{section*.14}% 18
\BOOKMARK [3][-]{section*.19}{Part E}{section*.14}% 19
\BOOKMARK [3][-]{section*.20}{Part F}{section*.14}% 20
\BOOKMARK [3][-]{section*.21}{Part G}{section*.14}% 21
\BOOKMARK [3][-]{section*.22}{Part H}{section*.14}% 22
\BOOKMARK [3][-]{section*.23}{Part I}{section*.14}% 23
\BOOKMARK [3][-]{section*.24}{Part J}{section*.14}% 24
\BOOKMARK [3][-]{section*.25}{Part K}{section*.14}% 25
\BOOKMARK [3][-]{section*.26}{Part L}{section*.14}% 26
\BOOKMARK [3][-]{section*.27}{Part M}{section*.14}% 27
\BOOKMARK [3][-]{section*.28}{Part N}{section*.14}% 28
\BOOKMARK [3][-]{section*.29}{Part O}{section*.14}% 29
